<?xml version="1.0" encoding="UTF-8" ?>
<testsuite tests="30" failures="0" name="stackpath.RunnerTest" time="39.754" errors="0" skipped="0">
  <properties>
[...]
</properties>
  <testcase classname="| ikev2 |" name="Given IPVanish is accessible" time="0.002"/>
  <testcase classname="| ikev2 |" name="And I am logged" time="0"/>
  <testcase classname="| ikev2 |" name="When I select &quot;ikev2&quot;" time="0"/>
  <testcase classname="| ikev2 |" name="And attempt connection" time="0"/>
  <testcase classname="| ikev2 |" name="Then I should successfully connect" time="0"/>
  <testcase classname="| ikev2 |" name="| ikev2 |" time="8.004"/>
  <testcase classname="| tcp |" name="Given IPVanish is accessible" time="0"/>
  <testcase classname="| tcp |" name="And I am logged" time="0"/>
  <testcase classname="| tcp |" name="When I select &quot;tcp&quot;" time="0"/>
  <testcase classname="| tcp |" name="And attempt connection" time="0"/>
  <testcase classname="| tcp |" name="Then I should successfully connect" time="0"/>
  <testcase classname="| tcp |" name="| tcp |" time="7.925"/>
  <testcase classname="| ipsec |" name="Given IPVanish is accessible" time="0"/>
  <testcase classname="| ipsec |" name="And I am logged" time="0"/>
  <testcase classname="| ipsec |" name="When I select &quot;ipsec&quot;" time="0"/>
  <testcase classname="| ipsec |" name="And attempt connection" time="0"/>
  <testcase classname="| ipsec |" name="Then I should successfully connect" time="0"/>
  <testcase classname="| ipsec |" name="| ipsec |" time="7.956"/>
  <testcase classname="| l2tp |" name="Given IPVanish is accessible" time="0"/>
  <testcase classname="| l2tp |" name="And I am logged" time="0"/>
  <testcase classname="| l2tp |" name="When I select &quot;l2tp&quot;" time="0"/>
  <testcase classname="| l2tp |" name="And attempt connection" time="0"/>
  <testcase classname="| l2tp |" name="Then I should successfully connect" time="0"/>
  <testcase classname="| l2tp |" name="| l2tp |" time="7.942"/>
  <testcase classname="| udp |" name="Given IPVanish is accessible" time="0"/>
  <testcase classname="| udp |" name="And I am logged" time="0"/>
  <testcase classname="| udp |" name="When I select &quot;udp&quot;" time="0"/>
  <testcase classname="| udp |" name="And attempt connection" time="0"/>
  <testcase classname="| udp |" name="Then I should successfully connect" time="0"/>
  <testcase classname="| udp |" name="| udp |" time="7.925"/>
</testsuite>