<?xml version="1.0" encoding="UTF-8" ?>
<testsuite tests="35" failures="0" name="stackpath.RunnerTest" time="1.418" errors="0" skipped="30">
  <properties>
[...]
</properties>
  <testcase classname="| ikev2 |" name="Given IPVanish is accessible" time="0.174">
    <skipped/>
    <system-out>Feature: quick connect

  Scenario Outline: User must be able  to establish a successful connection with all available protocols. &amp;#27;[90m# quick_connect.feature:2&amp;#27;[0m
    &amp;#27;[36mGiven &amp;#27;[0m&amp;#27;[36mIPVanish is accessible&amp;#27;[0m
    &amp;#27;[36mAnd &amp;#27;[0m&amp;#27;[36mI am logged&amp;#27;[0m
    &amp;#27;[36mWhen &amp;#27;[0m&amp;#27;[36mI select &quot;&lt;protocol&gt;&quot;&amp;#27;[0m
    &amp;#27;[36mAnd &amp;#27;[0m&amp;#27;[36mattempt connection&amp;#27;[0m
    &amp;#27;[36mThen &amp;#27;[0m&amp;#27;[36mI should successfully connect&amp;#27;[0m

    Examples: protocol permutations
</system-out>
  </testcase>
  <testcase classname="| ikev2 |" name="And I am logged" time="0.174">
    <skipped/>
  </testcase>
  <testcase classname="| ikev2 |" name="When I select &quot;ikev2&quot;" time="0.175">
    <skipped/>
  </testcase>
  <testcase classname="| ikev2 |" name="And attempt connection" time="0.176">
    <skipped/>
  </testcase>
  <testcase classname="| ikev2 |" name="Then I should successfully connect" time="0.177">
    <skipped/>
  </testcase>
  <testcase classname="| ikev2 |" name="| ikev2 |" time="0.178">
    <skipped/>
  </testcase>
  <testcase classname="| ikev2 |" name="| ikev2 |" time="0.178"/>
  <testcase classname="| tcp |" name="Given IPVanish is accessible" time="0.005">
    <skipped/>
    <system-out>
  Scenario Outline: User must be able  to establish a successful connection with all available protocols. &amp;#27;[90m# quick_connect.feature:12&amp;#27;[0m
    &amp;#27;[33mGiven &amp;#27;[0m&amp;#27;[33mIPVanish is accessible&amp;#27;[0m                                                                          &amp;#27;[90m# Steps.ipvanish_is_accessible()&amp;#27;[0m
      &amp;#27;[31mcucumber.api.PendingException: TODO: implement me
      	at stackpath.Steps.ipvanish_is_accessible(Steps.java:13)
      	at ✽.Given IPVanish is accessible(quick_connect.feature:3)
      &amp;#27;[0m
    &amp;#27;[36mAnd &amp;#27;[0m&amp;#27;[36mI am logged&amp;#27;[0m                                                                                       &amp;#27;[90m# Steps.i_am_logged()&amp;#27;[0m
    &amp;#27;[36mWhen &amp;#27;[0m&amp;#27;[36mI select &quot;&amp;#27;[0m&amp;#27;[36m&amp;#27;[1mikev2&amp;#27;[0m&amp;#27;[36m&quot;&amp;#27;[0m                                                                                 &amp;#27;[90m# Steps.i_select(String)&amp;#27;[0m
    &amp;#27;[36mAnd &amp;#27;[0m&amp;#27;[36mattempt connection&amp;#27;[0m                                                                                &amp;#27;[90m# Steps.attempt_connection()&amp;#27;[0m
    &amp;#27;[36mThen &amp;#27;[0m&amp;#27;[36mI should successfully connect&amp;#27;[0m                                                                    &amp;#27;[90m# Steps.i_should_successfully_connect()&amp;#27;[0m
</system-out>
  </testcase>
  <testcase classname="| tcp |" name="And I am logged" time="0.006">
    <skipped/>
  </testcase>
  <testcase classname="| tcp |" name="When I select &quot;tcp&quot;" time="0.007">
    <skipped/>
  </testcase>
  <testcase classname="| tcp |" name="And attempt connection" time="0.008">
    <skipped/>
  </testcase>
  <testcase classname="| tcp |" name="Then I should successfully connect" time="0.009">
    <skipped/>
  </testcase>
  <testcase classname="| tcp |" name="| tcp |" time="0.009">
    <skipped/>
  </testcase>
  <testcase classname="| tcp |" name="| tcp |" time="0.009"/>
  <testcase classname="| ipsec |" name="Given IPVanish is accessible" time="0.004">
    <skipped/>
    <system-out>
  Scenario Outline: User must be able  to establish a successful connection with all available protocols. &amp;#27;[90m# quick_connect.feature:13&amp;#27;[0m
    &amp;#27;[33mGiven &amp;#27;[0m&amp;#27;[33mIPVanish is accessible&amp;#27;[0m                                                                          &amp;#27;[90m# Steps.ipvanish_is_accessible()&amp;#27;[0m
      &amp;#27;[31mcucumber.api.PendingException: TODO: implement me
      	at stackpath.Steps.ipvanish_is_accessible(Steps.java:13)
      	at ✽.Given IPVanish is accessible(quick_connect.feature:3)
      &amp;#27;[0m
    &amp;#27;[36mAnd &amp;#27;[0m&amp;#27;[36mI am logged&amp;#27;[0m                                                                                       &amp;#27;[90m# Steps.i_am_logged()&amp;#27;[0m
    &amp;#27;[36mWhen &amp;#27;[0m&amp;#27;[36mI select &quot;&amp;#27;[0m&amp;#27;[36m&amp;#27;[1mtcp&amp;#27;[0m&amp;#27;[36m&quot;&amp;#27;[0m                                                                                   &amp;#27;[90m# Steps.i_select(String)&amp;#27;[0m
    &amp;#27;[36mAnd &amp;#27;[0m&amp;#27;[36mattempt connection&amp;#27;[0m                                                                                &amp;#27;[90m# Steps.attempt_connection()&amp;#27;[0m
    &amp;#27;[36mThen &amp;#27;[0m&amp;#27;[36mI should successfully connect&amp;#27;[0m                                                                    &amp;#27;[90m# Steps.i_should_successfully_connect()&amp;#27;[0m
</system-out>
  </testcase>
  <testcase classname="| ipsec |" name="And I am logged" time="0.004">
    <skipped/>
  </testcase>
  <testcase classname="| ipsec |" name="When I select &quot;ipsec&quot;" time="0.005">
    <skipped/>
  </testcase>
  <testcase classname="| ipsec |" name="And attempt connection" time="0.006">
    <skipped/>
  </testcase>
  <testcase classname="| ipsec |" name="Then I should successfully connect" time="0.007">
    <skipped/>
  </testcase>
  <testcase classname="| ipsec |" name="| ipsec |" time="0.007">
    <skipped/>
  </testcase>
  <testcase classname="| ipsec |" name="| ipsec |" time="0.007"/>
  <testcase classname="| l2tp |" name="Given IPVanish is accessible" time="0.004">
    <skipped/>
    <system-out>
  Scenario Outline: User must be able  to establish a successful connection with all available protocols. &amp;#27;[90m# quick_connect.feature:14&amp;#27;[0m
    &amp;#27;[33mGiven &amp;#27;[0m&amp;#27;[33mIPVanish is accessible&amp;#27;[0m                                                                          &amp;#27;[90m# Steps.ipvanish_is_accessible()&amp;#27;[0m
      &amp;#27;[31mcucumber.api.PendingException: TODO: implement me
      	at stackpath.Steps.ipvanish_is_accessible(Steps.java:13)
      	at ✽.Given IPVanish is accessible(quick_connect.feature:3)
      &amp;#27;[0m
    &amp;#27;[36mAnd &amp;#27;[0m&amp;#27;[36mI am logged&amp;#27;[0m                                                                                       &amp;#27;[90m# Steps.i_am_logged()&amp;#27;[0m
    &amp;#27;[36mWhen &amp;#27;[0m&amp;#27;[36mI select &quot;&amp;#27;[0m&amp;#27;[36m&amp;#27;[1mipsec&amp;#27;[0m&amp;#27;[36m&quot;&amp;#27;[0m                                                                                 &amp;#27;[90m# Steps.i_select(String)&amp;#27;[0m
    &amp;#27;[36mAnd &amp;#27;[0m&amp;#27;[36mattempt connection&amp;#27;[0m                                                                                &amp;#27;[90m# Steps.attempt_connection()&amp;#27;[0m
    &amp;#27;[36mThen &amp;#27;[0m&amp;#27;[36mI should successfully connect&amp;#27;[0m                                                                    &amp;#27;[90m# Steps.i_should_successfully_connect()&amp;#27;[0m
</system-out>
  </testcase>
  <testcase classname="| l2tp |" name="And I am logged" time="0.005">
    <skipped/>
  </testcase>
  <testcase classname="| l2tp |" name="When I select &quot;l2tp&quot;" time="0.006">
    <skipped/>
  </testcase>
  <testcase classname="| l2tp |" name="And attempt connection" time="0.008">
    <skipped/>
  </testcase>
  <testcase classname="| l2tp |" name="Then I should successfully connect" time="0.009">
    <skipped/>
  </testcase>
  <testcase classname="| l2tp |" name="| l2tp |" time="0.009">
    <skipped/>
  </testcase>
  <testcase classname="| l2tp |" name="| l2tp |" time="0.009"/>
  <testcase classname="| udp |" name="Given IPVanish is accessible" time="0.005">
    <skipped/>
    <system-out>
  Scenario Outline: User must be able  to establish a successful connection with all available protocols. &amp;#27;[90m# quick_connect.feature:15&amp;#27;[0m
    &amp;#27;[33mGiven &amp;#27;[0m&amp;#27;[33mIPVanish is accessible&amp;#27;[0m                                                                          &amp;#27;[90m# Steps.ipvanish_is_accessible()&amp;#27;[0m
      &amp;#27;[31mcucumber.api.PendingException: TODO: implement me
      	at stackpath.Steps.ipvanish_is_accessible(Steps.java:13)
      	at ✽.Given IPVanish is accessible(quick_connect.feature:3)
      &amp;#27;[0m
    &amp;#27;[36mAnd &amp;#27;[0m&amp;#27;[36mI am logged&amp;#27;[0m                                                                                       &amp;#27;[90m# Steps.i_am_logged()&amp;#27;[0m
    &amp;#27;[36mWhen &amp;#27;[0m&amp;#27;[36mI select &quot;&amp;#27;[0m&amp;#27;[36m&amp;#27;[1ml2tp&amp;#27;[0m&amp;#27;[36m&quot;&amp;#27;[0m                                                                                  &amp;#27;[90m# Steps.i_select(String)&amp;#27;[0m
    &amp;#27;[36mAnd &amp;#27;[0m&amp;#27;[36mattempt connection&amp;#27;[0m                                                                                &amp;#27;[90m# Steps.attempt_connection()&amp;#27;[0m
    &amp;#27;[36mThen &amp;#27;[0m&amp;#27;[36mI should successfully connect&amp;#27;[0m                                                                    &amp;#27;[90m# Steps.i_should_successfully_connect()&amp;#27;[0m
</system-out>
  </testcase>
  <testcase classname="| udp |" name="And I am logged" time="0.005">
    <skipped/>
  </testcase>
  <testcase classname="| udp |" name="When I select &quot;udp&quot;" time="0.006">
    <skipped/>
  </testcase>
  <testcase classname="| udp |" name="And attempt connection" time="0.006">
    <skipped/>
  </testcase>
  <testcase classname="| udp |" name="Then I should successfully connect" time="0.007">
    <skipped/>
  </testcase>
  <testcase classname="| udp |" name="| udp |" time="0.007">
    <skipped/>
  </testcase>
  <testcase classname="| udp |" name="| udp |" time="0.007"/>
</testsuite>